C:\Program Files\Microsoft Visual Studio\2022\Professional\MSBuild\Microsoft\VC\v170\Microsoft.CppBuild.targets(500,5): warning MSB8004: каталог Output заканчивается не косой чертой.  Этот экземпляр сборки добавит косую черту, поскольку она необходима для правильного определения каталога Output.
C:\Program Files\Microsoft Visual Studio\2022\Professional\MSBuild\Microsoft\VC\v170\Microsoft.CppBuild.targets(514,5): warning MSB8028: промежуточный каталог (x64\Debug\) содержит файлы, которые используются совместно с другим проектом (SFML_Tutorial.vcxproj).  Это может привести к ошибкам очистки и перестроения.
  main.cpp
C:\Users\sasay\Downloads\P15\P15\Pyatnashki\main.cpp(86,44): warning C4244: аргумент: преобразование "int" в "float", возможна потеря данных
C:\Users\sasay\Downloads\P15\P15\Pyatnashki\main.cpp(86,26): warning C4244: аргумент: преобразование "int" в "float", возможна потеря данных
C:\Users\sasay\Downloads\P15\P15\Pyatnashki\main.cpp(89,43): warning C4244: +=: преобразование "float" в "int", возможна потеря данных
C:\Users\sasay\Downloads\P15\P15\Pyatnashki\main.cpp(117,42): warning C4244: аргумент: преобразование "int" в "float", возможна потеря данных
C:\Users\sasay\Downloads\P15\P15\Pyatnashki\main.cpp(117,28): warning C4244: аргумент: преобразование "int" в "float", возможна потеря данных
  Запуск 1-го прохода
  Обработан параметр /DEFAULTLIB:msvcprtd
  Обработан параметр /DEFAULTLIB:MSVCRTD
  Обработан параметр /DEFAULTLIB:OLDNAMES
  Поиск библиотек
      Поиск C:\Users\sasay\Downloads\SFML-2.5.1-windows-vc15-64-bit\SFML-2.5.1\lib\sfml-graphics-d.lib:
        Найден "__declspec(dllimport) public: void __cdecl sf::Transformable::setPosition(float,float)" (__imp_?setPosition@Transformable@sf@@QEAAXMM@Z)
          Имеются ссылки в main.obj
          Загружен sfml-graphics-d.lib(sfml-graphics-d-2.dll)
        Найден "__declspec(dllimport) public: void __cdecl sf::Transformable::move(float,float)" (__imp_?move@Transformable@sf@@QEAAXMM@Z)
          Имеются ссылки в main.obj
          Загружен sfml-graphics-d.lib(sfml-graphics-d-2.dll)
        Найден "__declspec(dllimport) public: __cdecl sf::Texture::Texture(void)" (__imp_??0Texture@sf@@QEAA@XZ)
          Имеются ссылки в main.obj
          Загружен sfml-graphics-d.lib(sfml-graphics-d-2.dll)
        Найден "__declspec(dllimport) public: __cdecl sf::Texture::~Texture(void)" (__imp_??1Texture@sf@@QEAA@XZ)
          Имеются ссылки в main.obj
          Загружен sfml-graphics-d.lib(sfml-graphics-d-2.dll)
        Найден "__declspec(dllimport) public: bool __cdecl sf::Texture::loadFromFile(class std::basic_string<char,struct std::char_traits<char>,class std::allocator<char> > const &,class sf::Rect<int> const &)" (__imp_?loadFromFile@Texture@sf@@QEAA_NAEBV?$basic_string@DU?$char_traits@D@std@@V?$allocator@D@2@@std@@AEBV?$Rect@H@2@@Z)
          Имеются ссылки в main.obj
          Загружен sfml-graphics-d.lib(sfml-graphics-d-2.dll)
        Найден "__declspec(dllimport) public: void __cdecl sf::RenderTarget::clear(class sf::Color const &)" (__imp_?clear@RenderTarget@sf@@QEAAXAEBVColor@2@@Z)
          Имеются ссылки в main.obj
          Загружен sfml-graphics-d.lib(sfml-graphics-d-2.dll)
        Найден "__declspec(dllimport) public: void __cdecl sf::RenderTarget::draw(class sf::Drawable const &,class sf::RenderStates const &)" (__imp_?draw@RenderTarget@sf@@QEAAXAEBVDrawable@2@AEBVRenderStates@2@@Z)
          Имеются ссылки в main.obj
          Загружен sfml-graphics-d.lib(sfml-graphics-d-2.dll)
        Найден "__declspec(dllimport) public: __cdecl sf::RenderWindow::RenderWindow(class sf::VideoMode,class sf::String const &,unsigned int,struct sf::ContextSettings const &)" (__imp_??0RenderWindow@sf@@QEAA@VVideoMode@1@AEBVString@1@IAEBUContextSettings@1@@Z)
          Имеются ссылки в main.obj
          Загружен sfml-graphics-d.lib(sfml-graphics-d-2.dll)
        Найден "__declspec(dllimport) public: virtual __cdecl sf::RenderWindow::~RenderWindow(void)" (__imp_??1RenderWindow@sf@@UEAA@XZ)
          Имеются ссылки в main.obj
          Загружен sfml-graphics-d.lib(sfml-graphics-d-2.dll)
        Найден "__declspec(dllimport) public: __cdecl sf::Sprite::Sprite(void)" (__imp_??0Sprite@sf@@QEAA@XZ)
          Имеются ссылки в main.obj
          Загружен sfml-graphics-d.lib(sfml-graphics-d-2.dll)
        Найден "__declspec(dllimport) public: void __cdecl sf::Sprite::setTexture(class sf::Texture const &,bool)" (__imp_?setTexture@Sprite@sf@@QEAAXAEBVTexture@2@_N@Z)
          Имеются ссылки в main.obj
          Загружен sfml-graphics-d.lib(sfml-graphics-d-2.dll)
        Найден "__declspec(dllimport) public: void __cdecl sf::Sprite::setTextureRect(class sf::Rect<int> const &)" (__imp_?setTextureRect@Sprite@sf@@QEAAXAEBV?$Rect@H@2@@Z)
          Имеются ссылки в main.obj
          Загружен sfml-graphics-d.lib(sfml-graphics-d-2.dll)
        Найден "__declspec(dllimport) public: virtual __cdecl sf::Sprite::~Sprite(void)" (__imp_??1Sprite@sf@@UEAA@XZ)
          Имеются ссылки в main.obj
          Загружен sfml-graphics-d.lib(sfml-graphics-d-2.dll)
        Найден "__declspec(dllimport) public: static class sf::RenderStates const sf::RenderStates::Default" (__imp_?Default@RenderStates@sf@@2V12@B)
          Имеются ссылки в main.obj
          Загружен sfml-graphics-d.lib(sfml-graphics-d-2.dll)
        Найден "__declspec(dllimport) public: static class sf::Color const sf::Color::White" (__imp_?White@Color@sf@@2V12@B)
          Имеются ссылки в main.obj
          Загружен sfml-graphics-d.lib(sfml-graphics-d-2.dll)
        Найден __IMPORT_DESCRIPTOR_sfml-graphics-d-2
          Имеются ссылки в sfml-graphics-d.lib(sfml-graphics-d-2.dll)
          Имеются ссылки в sfml-graphics-d.lib(sfml-graphics-d-2.dll)
          Имеются ссылки в sfml-graphics-d.lib(sfml-graphics-d-2.dll)
          Имеются ссылки в sfml-graphics-d.lib(sfml-graphics-d-2.dll)
          Имеются ссылки в sfml-graphics-d.lib(sfml-graphics-d-2.dll)
          Имеются ссылки в sfml-graphics-d.lib(sfml-graphics-d-2.dll)
          Имеются ссылки в sfml-graphics-d.lib(sfml-graphics-d-2.dll)
          Имеются ссылки в sfml-graphics-d.lib(sfml-graphics-d-2.dll)
          Имеются ссылки в sfml-graphics-d.lib(sfml-graphics-d-2.dll)
          Имеются ссылки в sfml-graphics-d.lib(sfml-graphics-d-2.dll)
          Имеются ссылки в sfml-graphics-d.lib(sfml-graphics-d-2.dll)
          Имеются ссылки в sfml-graphics-d.lib(sfml-graphics-d-2.dll)
          Имеются ссылки в sfml-graphics-d.lib(sfml-graphics-d-2.dll)
          Имеются ссылки в sfml-graphics-d.lib(sfml-graphics-d-2.dll)
          Имеются ссылки в sfml-graphics-d.lib(sfml-graphics-d-2.dll)
          Загружен sfml-graphics-d.lib(sfml-graphics-d-2.dll)
        Найден __NULL_IMPORT_DESCRIPTOR
          Имеются ссылки в sfml-graphics-d.lib(sfml-graphics-d-2.dll)
          Загружен sfml-graphics-d.lib(sfml-graphics-d-2.dll)
        Найден sfml-graphics-d-2_NULL_THUNK_DATA
          Имеются ссылки в sfml-graphics-d.lib(sfml-graphics-d-2.dll)
          Загружен sfml-graphics-d.lib(sfml-graphics-d-2.dll)
      Поиск C:\Users\sasay\Downloads\SFML-2.5.1-windows-vc15-64-bit\SFML-2.5.1\lib\sfml-window-d.lib:
        Найден "__declspec(dllimport) public: static class sf::Vector2<int> __cdecl sf::Mouse::getPosition(class sf::Window const &)" (__imp_?getPosition@Mouse@sf@@SA?AV?$Vector2@H@2@AEBVWindow@2@@Z)
          Имеются ссылки в main.obj
          Загружен sfml-window-d.lib(sfml-window-d-2.dll)
        Найден "__declspec(dllimport) public: __cdecl sf::VideoMode::VideoMode(unsigned int,unsigned int,unsigned int)" (__imp_??0VideoMode@sf@@QEAA@III@Z)
          Имеются ссылки в main.obj
          Загружен sfml-window-d.lib(sfml-window-d-2.dll)
        Найден "__declspec(dllimport) public: void __cdecl sf::Window::close(void)" (__imp_?close@Window@sf@@QEAAXXZ)
          Имеются ссылки в main.obj
          Загружен sfml-window-d.lib(sfml-window-d-2.dll)
        Найден "__declspec(dllimport) public: bool __cdecl sf::Window::isOpen(void)const " (__imp_?isOpen@Window@sf@@QEBA_NXZ)
          Имеются ссылки в main.obj
          Загружен sfml-window-d.lib(sfml-window-d-2.dll)
        Найден "__declspec(dllimport) public: bool __cdecl sf::Window::pollEvent(class sf::Event &)" (__imp_?pollEvent@Window@sf@@QEAA_NAEAVEvent@2@@Z)
          Имеются ссылки в main.obj
          Загружен sfml-window-d.lib(sfml-window-d-2.dll)
        Найден "__declspec(dllimport) public: void __cdecl sf::Window::setFramerateLimit(unsigned int)" (__imp_?setFramerateLimit@Window@sf@@QEAAXI@Z)
          Имеются ссылки в main.obj
          Загружен sfml-window-d.lib(sfml-window-d-2.dll)
        Найден "__declspec(dllimport) public: void __cdecl sf::Window::display(void)" (__imp_?display@Window@sf@@QEAAXXZ)
          Имеются ссылки в main.obj
          Загружен sfml-window-d.lib(sfml-window-d-2.dll)
        Найден __IMPORT_DESCRIPTOR_sfml-window-d-2
          Имеются ссылки в sfml-window-d.lib(sfml-window-d-2.dll)
          Имеются ссылки в sfml-window-d.lib(sfml-window-d-2.dll)
          Имеются ссылки в sfml-window-d.lib(sfml-window-d-2.dll)
          Имеются ссылки в sfml-window-d.lib(sfml-window-d-2.dll)
          Имеются ссылки в sfml-window-d.lib(sfml-window-d-2.dll)
          Имеются ссылки в sfml-window-d.lib(sfml-window-d-2.dll)
          Имеются ссылки в sfml-window-d.lib(sfml-window-d-2.dll)
          Загружен sfml-window-d.lib(sfml-window-d-2.dll)
        Найден sfml-window-d-2_NULL_THUNK_DATA
          Имеются ссылки в sfml-window-d.lib(sfml-window-d-2.dll)
          Загружен sfml-window-d.lib(sfml-window-d-2.dll)
      Поиск C:\Users\sasay\Downloads\SFML-2.5.1-windows-vc15-64-bit\SFML-2.5.1\lib\sfml-system-d.lib:
        Найден "__declspec(dllimport) public: __cdecl sf::String::String(char const *,class std::locale const &)" (__imp_??0String@sf@@QEAA@PEBDAEBVlocale@std@@@Z)
          Имеются ссылки в main.obj
          Загружен sfml-system-d.lib(sfml-system-d-2.dll)
        Найден "__declspec(dllimport) public: __cdecl sf::String::~String(void)" (__imp_??1String@sf@@QEAA@XZ)
          Имеются ссылки в main.obj
          Загружен sfml-system-d.lib(sfml-system-d-2.dll)
        Найден __IMPORT_DESCRIPTOR_sfml-system-d-2
          Имеются ссылки в sfml-system-d.lib(sfml-system-d-2.dll)
          Имеются ссылки в sfml-system-d.lib(sfml-system-d-2.dll)
          Загружен sfml-system-d.lib(sfml-system-d-2.dll)
        Найден sfml-system-d-2_NULL_THUNK_DATA
          Имеются ссылки в sfml-system-d.lib(sfml-system-d-2.dll)
          Загружен sfml-system-d.lib(sfml-system-d-2.dll)
      Поиск C:\Users\sasay\Downloads\SFML-2.5.1-windows-vc15-64-bit\SFML-2.5.1\lib\sfml-audio-d.lib:
      Поиск C:\Program Files\Microsoft Visual Studio\2022\Professional\VC\Tools\MSVC\14.31.31103\lib\x64\msvcprtd.lib:
        Найден "__declspec(dllimport) public: __cdecl std::_Lockit::_Lockit(int)" (__imp_??0_Lockit@std@@QEAA@H@Z)
          Имеются ссылки в main.obj
          Загружен msvcprtd.lib(MSVCP140D.dll)
        Найден "__declspec(dllimport) public: __cdecl std::_Lockit::~_Lockit(void)" (__imp_??1_Lockit@std@@QEAA@XZ)
          Имеются ссылки в main.obj
          Загружен msvcprtd.lib(MSVCP140D.dll)
        Найден "void __cdecl std::_Xbad_alloc(void)" (?_Xbad_alloc@std@@YAXXZ)
          Имеются ссылки в main.obj
          Загружен msvcprtd.lib(MSVCP140D.dll)
        Найден "void __cdecl std::_Xlength_error(char const *)" (?_Xlength_error@std@@YAXPEBD@Z)
          Имеются ссылки в main.obj
          Загружен msvcprtd.lib(MSVCP140D.dll)
        Найден _Mbrtowc
          Имеются ссылки в main.obj
          Загружен msvcprtd.lib(MSVCP140D.dll)
        Найден "__declspec(dllimport) public: struct _Cvtvec __cdecl std::_Locinfo::_Getcvt(void)const " (__imp_?_Getcvt@_Locinfo@std@@QEBA?AU_Cvtvec@@XZ)
          Имеются ссылки в main.obj
          Загружен msvcprtd.lib(MSVCP140D.dll)
        Найден "__declspec(dllimport) public: char const * __cdecl std::_Locinfo::_Getdays(void)const " (__imp_?_Getdays@_Locinfo@std@@QEBAPEBDXZ)
          Имеются ссылки в main.obj
          Загружен msvcprtd.lib(MSVCP140D.dll)
        Найден "__declspec(dllimport) public: char const * __cdecl std::_Locinfo::_Getmonths(void)const " (__imp_?_Getmonths@_Locinfo@std@@QEBAPEBDXZ)
          Имеются ссылки в main.obj
          Загружен msvcprtd.lib(MSVCP140D.dll)
        Найден "__declspec(dllimport) public: unsigned short const * __cdecl std::_Locinfo::_W_Getdays(void)const " (__imp_?_W_Getdays@_Locinfo@std@@QEBAPEBGXZ)
          Имеются ссылки в main.obj
          Загружен msvcprtd.lib(MSVCP140D.dll)
        Найден "__declspec(dllimport) public: unsigned short const * __cdecl std::_Locinfo::_W_Getmonths(void)const " (__imp_?_W_Getmonths@_Locinfo@std@@QEBAPEBGXZ)
          Имеются ссылки в main.obj
          Загружен msvcprtd.lib(MSVCP140D.dll)
        Найден "private: static class std::locale::_Locimp * __cdecl std::locale::_Init(bool)" (?_Init@locale@std@@CAPEAV_Locimp@12@_N@Z)
          Имеются ссылки в main.obj
          Загружен msvcprtd.lib(MSVCP140D.dll)
        Найден __IMPORT_DESCRIPTOR_MSVCP140D
          Имеются ссылки в msvcprtd.lib(MSVCP140D.dll)
          Имеются ссылки в msvcprtd.lib(MSVCP140D.dll)
          Имеются ссылки в msvcprtd.lib(MSVCP140D.dll)
          Имеются ссылки в msvcprtd.lib(MSVCP140D.dll)
          Имеются ссылки в msvcprtd.lib(MSVCP140D.dll)
          Имеются ссылки в msvcprtd.lib(MSVCP140D.dll)
          Имеются ссылки в msvcprtd.lib(MSVCP140D.dll)
          Имеются ссылки в msvcprtd.lib(MSVCP140D.dll)
          Имеются ссылки в msvcprtd.lib(MSVCP140D.dll)
          Имеются ссылки в msvcprtd.lib(MSVCP140D.dll)
          Имеются ссылки в msvcprtd.lib(MSVCP140D.dll)
          Загружен msvcprtd.lib(MSVCP140D.dll)
        Найден MSVCP140D_NULL_THUNK_DATA
          Имеются ссылки в msvcprtd.lib(MSVCP140D.dll)
          Загружен msvcprtd.lib(MSVCP140D.dll)
      Поиск C:\Program Files\Microsoft Visual Studio\2022\Professional\VC\Tools\MSVC\14.31.31103\lib\x64\MSVCRTD.lib:
        Найден "void __cdecl `eh vector constructor iterator'(void *,unsigned __int64,unsigned __int64,void (__cdecl*)(void *),void (__cdecl*)(void *))" (??_L@YAXPEAX_K1P6AX0@Z2@Z)
          Имеются ссылки в main.obj
          Загружен MSVCRTD.lib(ehvecctr.obj)
        Найден "void __cdecl `eh vector destructor iterator'(void *,unsigned __int64,unsigned __int64,void (__cdecl*)(void *))" (??_M@YAXPEAX_K1P6AX0@Z@Z)
          Имеются ссылки в main.obj
          Загружен MSVCRTD.lib(ehvecdtr.obj)
        Найден "void * __cdecl operator new(unsigned __int64)" (??2@YAPEAX_K@Z)
          Имеются ссылки в main.obj
          Загружен MSVCRTD.lib(new_scalar.obj)
        Найден "void __cdecl operator delete(void *,unsigned __int64)" (??3@YAXPEAX_K@Z)
          Имеются ссылки в main.obj
          Загружен MSVCRTD.lib(delete_scalar_size.obj)
        Найден _RTC_CheckStackVars
          Имеются ссылки в main.obj
          Загружен MSVCRTD.lib(stack.obj)
        Найден _RTC_InitBase
          Имеются ссылки в main.obj
          Загружен MSVCRTD.lib(init.obj)
        Найден __CheckForDebuggerJustMyCode
          Имеются ссылки в main.obj
          Загружен MSVCRTD.lib(debugger_jmc.obj)
        Найден __GSHandlerCheck
          Имеются ссылки в main.obj
          Загружен MSVCRTD.lib(gshandler.obj)
        Найден __GSHandlerCheck_EH4
          Имеются ссылки в main.obj
          Загружен MSVCRTD.lib(gshandlereh4.obj)
        Найден __chkstk
          Имеются ссылки в main.obj
          Загружен MSVCRTD.lib(chkstk.obj)
        Найден __security_check_cookie
          Имеются ссылки в main.obj
          Имеются ссылки в MSVCRTD.lib(gshandler.obj)
          Загружен MSVCRTD.lib(amdsecgs.obj)
        Найден "const type_info::`vftable'" (??_7type_info@@6B@)
          Имеются ссылки в main.obj
          Загружен MSVCRTD.lib(std_type_info_static.obj)
        Найден __security_cookie
          Имеются ссылки в main.obj
          Имеются ссылки в MSVCRTD.lib(amdsecgs.obj)
          Загружен MSVCRTD.lib(gs_cookie.obj)
        Найден _fltused
          Имеются ссылки в main.obj
          Загружен MSVCRTD.lib(fltused.obj)
        Найден mainCRTStartup
          Загружен MSVCRTD.lib(exe_main.obj)
        Найден __guard_dispatch_icall_fptr
          Имеются ссылки в MSVCRTD.lib(ehvecctr.obj)
          Имеются ссылки в MSVCRTD.lib(ehvecdtr.obj)
          Имеются ссылки в MSVCRTD.lib(exe_main.obj)
          Загружен MSVCRTD.lib(guard_support.obj)
        Найден "void __cdecl __scrt_throw_std_bad_alloc(void)" (?__scrt_throw_std_bad_alloc@@YAXXZ)
          Имеются ссылки в MSVCRTD.lib(new_scalar.obj)
          Загружен MSVCRTD.lib(throw_bad_alloc.obj)
        Найден "void __cdecl operator delete(void *)" (??3@YAXPEAX@Z)
          Имеются ссылки в MSVCRTD.lib(delete_scalar_size.obj)
          Загружен MSVCRTD.lib(delete_scalar.obj)
        Найден "void __cdecl _RTC_StackFailure(void *,char const *)" (?_RTC_StackFailure@@YAXPEAXPEBD@Z)
          Имеются ссылки в MSVCRTD.lib(stack.obj)
          Загружен MSVCRTD.lib(error.obj)
        Найден _RTC_SetErrorFuncW
          Имеются ссылки в MSVCRTD.lib(init.obj)
          Загружен MSVCRTD.lib(userapi.obj)
        Найден __report_gsfailure
          Имеются ссылки в MSVCRTD.lib(amdsecgs.obj)
          Загружен MSVCRTD.lib(gs_report.obj)
        Найден atexit
          Имеются ссылки в MSVCRTD.lib(exe_main.obj)
          Загружен MSVCRTD.lib(utility.obj)
        Найден __security_init_cookie
          Имеются ссылки в MSVCRTD.lib(exe_main.obj)
          Загружен MSVCRTD.lib(gs_support.obj)
        Найден _matherr
          Имеются ссылки в MSVCRTD.lib(exe_main.obj)
          Загружен MSVCRTD.lib(matherr.obj)
        Найден _get_startup_argv_mode
          Имеются ссылки в MSVCRTD.lib(exe_main.obj)
          Имеются ссылки в MSVCRTD.lib(utility.obj)
          Загружен MSVCRTD.lib(argv_mode.obj)
        Найден _get_startup_commit_mode
          Имеются ссылки в MSVCRTD.lib(exe_main.obj)
          Загружен MSVCRTD.lib(commit_mode.obj)
        Найден _get_startup_file_mode
          Имеются ссылки в MSVCRTD.lib(exe_main.obj)
          Загружен MSVCRTD.lib(file_mode.obj)
        Найден _get_startup_new_mode
          Имеются ссылки в MSVCRTD.lib(exe_main.obj)
          Загружен MSVCRTD.lib(new_mode.obj)
        Найден _get_startup_thread_locale_mode
          Имеются ссылки в MSVCRTD.lib(exe_main.obj)
          Загружен MSVCRTD.lib(thread_locale.obj)
        Найден "void __cdecl __scrt_initialize_type_info(void)" (?__scrt_initialize_type_info@@YAXXZ)
          Имеются ссылки в MSVCRTD.lib(exe_main.obj)
          Загружен MSVCRTD.lib(tncleanup.obj)
        Найден _should_initialize_environment
          Имеются ссылки в MSVCRTD.lib(exe_main.obj)
          Загружен MSVCRTD.lib(env_mode.obj)
        Найден _initialize_invalid_parameter_handler
          Имеются ссылки в MSVCRTD.lib(exe_main.obj)
          Загружен MSVCRTD.lib(invalid_parameter_handler.obj)
        Найден _initialize_denormal_control
          Имеются ссылки в MSVCRTD.lib(exe_main.obj)
          Загружен MSVCRTD.lib(denormal_control.obj)
        Найден __scrt_initialize_default_local_stdio_options
          Имеются ссылки в MSVCRTD.lib(exe_main.obj)
          Загружен MSVCRTD.lib(default_local_stdio_options.obj)
        Найден __scrt_is_user_matherr_present
          Имеются ссылки в MSVCRTD.lib(exe_main.obj)
          Загружен MSVCRTD.lib(matherr_detection.obj)
        Найден __scrt_get_dyn_tls_init_callback
          Имеются ссылки в MSVCRTD.lib(exe_main.obj)
          Загружен MSVCRTD.lib(dyn_tls_init.obj)
        Найден __scrt_get_dyn_tls_dtor_callback
          Имеются ссылки в MSVCRTD.lib(exe_main.obj)
          Загружен MSVCRTD.lib(dyn_tls_dtor.obj)
        Найден __scrt_is_managed_app
          Имеются ссылки в MSVCRTD.lib(exe_main.obj)
          Загружен MSVCRTD.lib(utility_desktop.obj)
        Найден _RTC_Initialize
          Имеются ссылки в MSVCRTD.lib(exe_main.obj)
          Загружен MSVCRTD.lib(initsect.obj)
        Найден __xi_a
          Имеются ссылки в MSVCRTD.lib(exe_main.obj)
          Загружен MSVCRTD.lib(initializers.obj)
  Обработан параметр /DEFAULTLIB:kernel32.lib
   Обработан /DISALLOWLIB:msvcrt.lib
   Обработан /DISALLOWLIB:libcmt.lib
   Обработан /DISALLOWLIB:libcmtd.lib
   Обработан /DISALLOWLIB:vcruntime.lib
  Обработан параметр /DEFAULTLIB:vcruntimed.lib
   Обработан /DISALLOWLIB:libvcruntime.lib
   Обработан /DISALLOWLIB:libvcruntimed.lib
   Обработан /DISALLOWLIB:ucrt.lib
  Обработан параметр /DEFAULTLIB:ucrtd.lib
   Обработан /DISALLOWLIB:libucrt.lib
   Обработан /DISALLOWLIB:libucrtd.lib
        Найден _guard_dispatch_icall_nop
          Имеются ссылки в MSVCRTD.lib(guard_support.obj)
          Загружен MSVCRTD.lib(guard_dispatch.obj)
        Найден _guard_xfg_dispatch_icall_nop
          Имеются ссылки в MSVCRTD.lib(guard_support.obj)
          Загружен MSVCRTD.lib(guard_xfg_dispatch.obj)
        Найден "int __cdecl _RTC_GetSrcLine(unsigned char *,wchar_t *,unsigned long,int *,wchar_t *,unsigned long)" (?_RTC_GetSrcLine@@YAHPEAEPEA_WKPEAH1K@Z)
          Имеются ссылки в MSVCRTD.lib(error.obj)
          Загружен MSVCRTD.lib(pdblkup.obj)
        Найден __isa_available_init
          Имеются ссылки в MSVCRTD.lib(utility.obj)
          Загружен MSVCRTD.lib(cpu_disp.obj)
        Найден __scrt_is_ucrt_dll_in_use
          Имеются ссылки в MSVCRTD.lib(utility.obj)
          Загружен MSVCRTD.lib(ucrt_detection.obj)
      Поиск C:\Program Files\Microsoft Visual Studio\2022\Professional\VC\Tools\MSVC\14.31.31103\lib\x64\OLDNAMES.lib:
      Поиск C:\Program Files (x86)\Windows Kits\10\lib\10.0.19041.0\um\x64\kernel32.lib:
        Найден __imp_GetCurrentThreadId
          Имеются ссылки в MSVCRTD.lib(debugger_jmc.obj)
          Имеются ссылки в MSVCRTD.lib(gs_support.obj)
          Загружен kernel32.lib(KERNEL32.dll)
        Найден __imp_IsDebuggerPresent
          Имеются ссылки в MSVCRTD.lib(error.obj)
          Имеются ссылки в MSVCRTD.lib(utility_desktop.obj)
          Загружен kernel32.lib(KERNEL32.dll)
        Найден __imp_RaiseException
          Имеются ссылки в MSVCRTD.lib(error.obj)
          Загружен kernel32.lib(KERNEL32.dll)
        Найден __imp_MultiByteToWideChar
          Имеются ссылки в MSVCRTD.lib(error.obj)
          Загружен kernel32.lib(KERNEL32.dll)
        Найден __imp_WideCharToMultiByte
          Имеются ссылки в MSVCRTD.lib(error.obj)
          Загружен kernel32.lib(KERNEL32.dll)
        Найден __imp_RtlCaptureContext
          Имеются ссылки в MSVCRTD.lib(gs_report.obj)
          Имеются ссылки в MSVCRTD.lib(utility_desktop.obj)
          Загружен kernel32.lib(KERNEL32.dll)
        Найден __imp_RtlLookupFunctionEntry
          Имеются ссылки в MSVCRTD.lib(gs_report.obj)
          Имеются ссылки в MSVCRTD.lib(utility_desktop.obj)
          Загружен kernel32.lib(KERNEL32.dll)
        Найден __imp_RtlVirtualUnwind
          Имеются ссылки в MSVCRTD.lib(gs_report.obj)
          Имеются ссылки в MSVCRTD.lib(utility_desktop.obj)
          Загружен kernel32.lib(KERNEL32.dll)
        Найден __imp_UnhandledExceptionFilter
          Имеются ссылки в MSVCRTD.lib(gs_report.obj)
          Имеются ссылки в MSVCRTD.lib(utility_desktop.obj)
          Загружен kernel32.lib(KERNEL32.dll)
        Найден __imp_SetUnhandledExceptionFilter
          Имеются ссылки в MSVCRTD.lib(gs_report.obj)
          Имеются ссылки в MSVCRTD.lib(utility_desktop.obj)
          Загружен kernel32.lib(KERNEL32.dll)
        Найден __imp_GetCurrentProcess
          Имеются ссылки в MSVCRTD.lib(gs_report.obj)
          Загружен kernel32.lib(KERNEL32.dll)
        Найден __imp_TerminateProcess
          Имеются ссылки в MSVCRTD.lib(gs_report.obj)
          Загружен kernel32.lib(KERNEL32.dll)
        Найден __imp_IsProcessorFeaturePresent
          Имеются ссылки в MSVCRTD.lib(gs_report.obj)
          Имеются ссылки в MSVCRTD.lib(utility_desktop.obj)
          Загружен kernel32.lib(KERNEL32.dll)
        Найден __imp_QueryPerformanceCounter
          Имеются ссылки в MSVCRTD.lib(gs_support.obj)
          Загружен kernel32.lib(KERNEL32.dll)
        Найден __imp_GetCurrentProcessId
          Имеются ссылки в MSVCRTD.lib(gs_support.obj)
          Загружен kernel32.lib(KERNEL32.dll)
        Найден __imp_GetSystemTimeAsFileTime
          Имеются ссылки в MSVCRTD.lib(gs_support.obj)
          Загружен kernel32.lib(KERNEL32.dll)
        Найден __imp_InitializeSListHead
          Имеются ссылки в MSVCRTD.lib(tncleanup.obj)
          Загружен kernel32.lib(KERNEL32.dll)
        Найден __imp_GetStartupInfoW
          Имеются ссылки в MSVCRTD.lib(utility_desktop.obj)
          Загружен kernel32.lib(KERNEL32.dll)
        Найден __imp_GetModuleHandleW
          Имеются ссылки в MSVCRTD.lib(utility_desktop.obj)
          Загружен kernel32.lib(KERNEL32.dll)
        Найден __imp_GetLastError
          Имеются ссылки в MSVCRTD.lib(pdblkup.obj)
          Загружен kernel32.lib(KERNEL32.dll)
        Найден __imp_HeapAlloc
          Имеются ссылки в MSVCRTD.lib(pdblkup.obj)
          Загружен kernel32.lib(KERNEL32.dll)
        Найден __imp_HeapFree
          Имеются ссылки в MSVCRTD.lib(pdblkup.obj)
          Загружен kernel32.lib(KERNEL32.dll)
        Найден __imp_GetProcessHeap
          Имеются ссылки в MSVCRTD.lib(pdblkup.obj)
          Загружен kernel32.lib(KERNEL32.dll)
        Найден __imp_VirtualQuery
          Имеются ссылки в MSVCRTD.lib(pdblkup.obj)
          Загружен kernel32.lib(KERNEL32.dll)
        Найден __imp_FreeLibrary
          Имеются ссылки в MSVCRTD.lib(pdblkup.obj)
          Загружен kernel32.lib(KERNEL32.dll)
        Найден __imp_GetProcAddress
          Имеются ссылки в MSVCRTD.lib(pdblkup.obj)
          Загружен kernel32.lib(KERNEL32.dll)
        Найден __IMPORT_DESCRIPTOR_KERNEL32
          Имеются ссылки в kernel32.lib(KERNEL32.dll)
          Имеются ссылки в kernel32.lib(KERNEL32.dll)
          Имеются ссылки в kernel32.lib(KERNEL32.dll)
          Имеются ссылки в kernel32.lib(KERNEL32.dll)
          Имеются ссылки в kernel32.lib(KERNEL32.dll)
          Имеются ссылки в kernel32.lib(KERNEL32.dll)
          Имеются ссылки в kernel32.lib(KERNEL32.dll)
          Имеются ссылки в kernel32.lib(KERNEL32.dll)
          Имеются ссылки в kernel32.lib(KERNEL32.dll)
          Имеются ссылки в kernel32.lib(KERNEL32.dll)
          Имеются ссылки в kernel32.lib(KERNEL32.dll)
          Имеются ссылки в kernel32.lib(KERNEL32.dll)
          Имеются ссылки в kernel32.lib(KERNEL32.dll)
          Имеются ссылки в kernel32.lib(KERNEL32.dll)
          Имеются ссылки в kernel32.lib(KERNEL32.dll)
          Имеются ссылки в kernel32.lib(KERNEL32.dll)
          Имеются ссылки в kernel32.lib(KERNEL32.dll)
          Имеются ссылки в kernel32.lib(KERNEL32.dll)
          Имеются ссылки в kernel32.lib(KERNEL32.dll)
          Имеются ссылки в kernel32.lib(KERNEL32.dll)
          Имеются ссылки в kernel32.lib(KERNEL32.dll)
          Имеются ссылки в kernel32.lib(KERNEL32.dll)
          Имеются ссылки в kernel32.lib(KERNEL32.dll)
          Имеются ссылки в kernel32.lib(KERNEL32.dll)
          Имеются ссылки в kernel32.lib(KERNEL32.dll)
          Имеются ссылки в kernel32.lib(KERNEL32.dll)
          Загружен kernel32.lib(KERNEL32.dll)
        Найден KERNEL32_NULL_THUNK_DATA
          Имеются ссылки в kernel32.lib(KERNEL32.dll)
          Загружен kernel32.lib(KERNEL32.dll)
      Поиск C:\Program Files\Microsoft Visual Studio\2022\Professional\VC\Tools\MSVC\14.31.31103\lib\x64\vcruntimed.lib:
        Найден memcpy
          Имеются ссылки в main.obj
          Загружен vcruntimed.lib(VCRUNTIME140D.dll)
        Найден memmove
          Имеются ссылки в main.obj
          Загружен vcruntimed.lib(VCRUNTIME140D.dll)
        Найден __std_exception_copy
          Имеются ссылки в main.obj
          Имеются ссылки в MSVCRTD.lib(throw_bad_alloc.obj)
          Загружен vcruntimed.lib(VCRUNTIME140D.dll)
        Найден __std_exception_destroy
          Имеются ссылки в main.obj
          Имеются ссылки в MSVCRTD.lib(throw_bad_alloc.obj)
          Загружен vcruntimed.lib(VCRUNTIME140D.dll)
        Найден _CxxThrowException
          Имеются ссылки в main.obj
          Имеются ссылки в MSVCRTD.lib(throw_bad_alloc.obj)
          Загружен vcruntimed.lib(VCRUNTIME140D.dll)
        Найден __CxxFrameHandler4
          Имеются ссылки в main.obj
          Имеются ссылки в MSVCRTD.lib(gshandlereh4.obj)
          Загружен vcruntimed.lib(VCRUNTIME140_1D.dll)
        Найден __C_specific_handler
          Имеются ссылки в MSVCRTD.lib(ehvecctr.obj)
          Имеются ссылки в MSVCRTD.lib(ehvecdtr.obj)
          Имеются ссылки в MSVCRTD.lib(exe_main.obj)
          Имеются ссылки в MSVCRTD.lib(utility.obj)
          Загружен vcruntimed.lib(VCRUNTIME140D.dll)
        Найден __current_exception
          Имеются ссылки в MSVCRTD.lib(ehvecdtr.obj)
          Имеются ссылки в MSVCRTD.lib(utility_desktop.obj)
          Загружен vcruntimed.lib(VCRUNTIME140D.dll)
        Найден __current_exception_context
          Имеются ссылки в MSVCRTD.lib(ehvecdtr.obj)
          Имеются ссылки в MSVCRTD.lib(utility_desktop.obj)
          Загружен vcruntimed.lib(VCRUNTIME140D.dll)
        Найден __C_specific_handler_noexcept
          Имеются ссылки в MSVCRTD.lib(error.obj)
          Загружен vcruntimed.lib(VCRUNTIME140D.dll)
        Найден __std_type_info_destroy_list
          Имеются ссылки в MSVCRTD.lib(tncleanup.obj)
          Загружен vcruntimed.lib(VCRUNTIME140D.dll)
        Найден __vcrt_GetModuleFileNameW
          Имеются ссылки в MSVCRTD.lib(pdblkup.obj)
          Загружен vcruntimed.lib(VCRUNTIME140D.dll)
        Найден __vcrt_GetModuleHandleW
          Имеются ссылки в MSVCRTD.lib(pdblkup.obj)
          Загружен vcruntimed.lib(VCRUNTIME140D.dll)
        Найден __vcrt_LoadLibraryExW
          Имеются ссылки в MSVCRTD.lib(pdblkup.obj)
          Загружен vcruntimed.lib(VCRUNTIME140D.dll)
        Найден __IMPORT_DESCRIPTOR_VCRUNTIME140D
          Имеются ссылки в vcruntimed.lib(VCRUNTIME140D.dll)
          Имеются ссылки в vcruntimed.lib(VCRUNTIME140D.dll)
          Имеются ссылки в vcruntimed.lib(VCRUNTIME140D.dll)
          Имеются ссылки в vcruntimed.lib(VCRUNTIME140D.dll)
          Имеются ссылки в vcruntimed.lib(VCRUNTIME140D.dll)
          Имеются ссылки в vcruntimed.lib(VCRUNTIME140D.dll)
          Имеются ссылки в vcruntimed.lib(VCRUNTIME140D.dll)
          Имеются ссылки в vcruntimed.lib(VCRUNTIME140D.dll)
          Имеются ссылки в vcruntimed.lib(VCRUNTIME140D.dll)
          Имеются ссылки в vcruntimed.lib(VCRUNTIME140D.dll)
          Имеются ссылки в vcruntimed.lib(VCRUNTIME140D.dll)
          Имеются ссылки в vcruntimed.lib(VCRUNTIME140D.dll)
          Имеются ссылки в vcruntimed.lib(VCRUNTIME140D.dll)
          Загружен vcruntimed.lib(VCRUNTIME140D.dll)
        Найден __IMPORT_DESCRIPTOR_VCRUNTIME140_1D
          Имеются ссылки в vcruntimed.lib(VCRUNTIME140_1D.dll)
          Загружен vcruntimed.lib(VCRUNTIME140_1D.dll)
        Найден VCRUNTIME140D_NULL_THUNK_DATA
          Имеются ссылки в vcruntimed.lib(VCRUNTIME140D.dll)
          Загружен vcruntimed.lib(VCRUNTIME140D.dll)
        Найден VCRUNTIME140_1D_NULL_THUNK_DATA
          Имеются ссылки в vcruntimed.lib(VCRUNTIME140_1D.dll)
          Загружен vcruntimed.lib(VCRUNTIME140_1D.dll)
      Поиск C:\Program Files (x86)\Windows Kits\10\lib\10.0.19041.0\ucrt\x64\ucrtd.lib:
        Найден __imp__invalid_parameter
          Имеются ссылки в main.obj
          Загружен ucrtd.lib(ucrtbased.dll)
        Найден __imp__calloc_dbg
          Имеются ссылки в main.obj
          Загружен ucrtd.lib(ucrtbased.dll)
        Найден __imp__CrtDbgReport
          Имеются ссылки в main.obj
          Загружен ucrtd.lib(ucrtbased.dll)
        Найден __imp_wcslen
          Имеются ссылки в main.obj
          Загружен ucrtd.lib(ucrtbased.dll)
        Найден strlen
          Имеются ссылки в main.obj
          Загружен ucrtd.lib(ucrtbased.dll)
        Найден terminate
          Имеются ссылки в MSVCRTD.lib(ehvecdtr.obj)
          Имеются ссылки в MSVCRTD.lib(utility_desktop.obj)
          Загружен ucrtd.lib(ucrtbased.dll)
        Найден _callnewh
          Имеются ссылки в MSVCRTD.lib(new_scalar.obj)
          Загружен ucrtd.lib(ucrtbased.dll)
        Найден malloc
          Имеются ссылки в MSVCRTD.lib(new_scalar.obj)
          Загружен ucrtd.lib(ucrtbased.dll)
        Найден _CrtDbgReportW
          Имеются ссылки в MSVCRTD.lib(init.obj)
          Загружен ucrtd.lib(ucrtbased.dll)
        Найден _seh_filter_exe
          Имеются ссылки в MSVCRTD.lib(exe_main.obj)
          Загружен ucrtd.lib(ucrtbased.dll)
        Найден _set_app_type
          Имеются ссылки в MSVCRTD.lib(exe_main.obj)
          Загружен ucrtd.lib(ucrtbased.dll)
        Найден __setusermatherr
          Имеются ссылки в MSVCRTD.lib(exe_main.obj)
          Загружен ucrtd.lib(ucrtbased.dll)
        Найден _configure_narrow_argv
          Имеются ссылки в MSVCRTD.lib(exe_main.obj)
          Имеются ссылки в MSVCRTD.lib(utility.obj)
          Загружен ucrtd.lib(ucrtbased.dll)
        Найден _initialize_narrow_environment
          Имеются ссылки в MSVCRTD.lib(exe_main.obj)
          Имеются ссылки в MSVCRTD.lib(utility.obj)
          Загружен ucrtd.lib(ucrtbased.dll)
        Найден _get_initial_narrow_environment
          Имеются ссылки в MSVCRTD.lib(exe_main.obj)
          Загружен ucrtd.lib(ucrtbased.dll)
        Найден _initterm
          Имеются ссылки в MSVCRTD.lib(exe_main.obj)
          Загружен ucrtd.lib(ucrtbased.dll)
        Найден _initterm_e
          Имеются ссылки в MSVCRTD.lib(exe_main.obj)
          Загружен ucrtd.lib(ucrtbased.dll)
        Найден exit
          Имеются ссылки в MSVCRTD.lib(exe_main.obj)
          Загружен ucrtd.lib(ucrtbased.dll)
        Найден _exit
          Имеются ссылки в MSVCRTD.lib(exe_main.obj)
          Загружен ucrtd.lib(ucrtbased.dll)
        Найден _set_fmode
          Имеются ссылки в MSVCRTD.lib(exe_main.obj)
          Загружен ucrtd.lib(ucrtbased.dll)
        Найден __p___argc
          Имеются ссылки в MSVCRTD.lib(exe_main.obj)
          Загружен ucrtd.lib(ucrtbased.dll)
        Найден __p___argv
          Имеются ссылки в MSVCRTD.lib(exe_main.obj)
          Загружен ucrtd.lib(ucrtbased.dll)
        Найден _cexit
          Имеются ссылки в MSVCRTD.lib(exe_main.obj)
          Имеются ссылки в MSVCRTD.lib(utility.obj)
          Загружен ucrtd.lib(ucrtbased.dll)
        Найден _c_exit
          Имеются ссылки в MSVCRTD.lib(exe_main.obj)
          Загружен ucrtd.lib(ucrtbased.dll)
        Найден _register_thread_local_exe_atexit_callback
          Имеются ссылки в MSVCRTD.lib(exe_main.obj)
          Загружен ucrtd.lib(ucrtbased.dll)
        Найден _configthreadlocale
          Имеются ссылки в MSVCRTD.lib(exe_main.obj)
          Загружен ucrtd.lib(ucrtbased.dll)
        Найден _set_new_mode
          Имеются ссылки в MSVCRTD.lib(exe_main.obj)
          Загружен ucrtd.lib(ucrtbased.dll)
        Найден __p__commode
          Имеются ссылки в MSVCRTD.lib(exe_main.obj)
          Загружен ucrtd.lib(ucrtbased.dll)
        Найден _free_dbg
          Имеются ссылки в MSVCRTD.lib(delete_scalar.obj)
          Загружен ucrtd.lib(ucrtbased.dll)
        Найден strcpy_s
          Имеются ссылки в MSVCRTD.lib(error.obj)
          Загружен ucrtd.lib(ucrtbased.dll)
        Найден strcat_s
          Имеются ссылки в MSVCRTD.lib(error.obj)
          Загружен ucrtd.lib(ucrtbased.dll)
        Найден __stdio_common_vsprintf_s
          Имеются ссылки в MSVCRTD.lib(error.obj)
          Загружен ucrtd.lib(ucrtbased.dll)
        Найден _seh_filter_dll
          Имеются ссылки в MSVCRTD.lib(utility.obj)
          Загружен ucrtd.lib(ucrtbased.dll)
        Найден _initialize_onexit_table
          Имеются ссылки в MSVCRTD.lib(utility.obj)
          Загружен ucrtd.lib(ucrtbased.dll)
        Найден _register_onexit_function
          Имеются ссылки в MSVCRTD.lib(utility.obj)
          Загружен ucrtd.lib(ucrtbased.dll)
        Найден _execute_onexit_table
          Имеются ссылки в MSVCRTD.lib(utility.obj)
          Загружен ucrtd.lib(ucrtbased.dll)
        Найден _crt_atexit
          Имеются ссылки в MSVCRTD.lib(utility.obj)
          Загружен ucrtd.lib(ucrtbased.dll)
        Найден _crt_at_quick_exit
          Имеются ссылки в MSVCRTD.lib(utility.obj)
          Загружен ucrtd.lib(ucrtbased.dll)
        Найден _wmakepath_s
          Имеются ссылки в MSVCRTD.lib(pdblkup.obj)
          Загружен ucrtd.lib(ucrtbased.dll)
        Найден _wsplitpath_s
          Имеются ссылки в MSVCRTD.lib(pdblkup.obj)
          Загружен ucrtd.lib(ucrtbased.dll)
        Найден wcscpy_s
          Имеются ссылки в MSVCRTD.lib(pdblkup.obj)
          Загружен ucrtd.lib(ucrtbased.dll)
        Найден __IMPORT_DESCRIPTOR_ucrtbased
          Имеются ссылки в ucrtd.lib(ucrtbased.dll)
          Имеются ссылки в ucrtd.lib(ucrtbased.dll)
          Имеются ссылки в ucrtd.lib(ucrtbased.dll)
          Имеются ссылки в ucrtd.lib(ucrtbased.dll)
          Имеются ссылки в ucrtd.lib(ucrtbased.dll)
          Имеются ссылки в ucrtd.lib(ucrtbased.dll)
          Имеются ссылки в ucrtd.lib(ucrtbased.dll)
          Имеются ссылки в ucrtd.lib(ucrtbased.dll)
          Имеются ссылки в ucrtd.lib(ucrtbased.dll)
          Имеются ссылки в ucrtd.lib(ucrtbased.dll)
          Имеются ссылки в ucrtd.lib(ucrtbased.dll)
          Имеются ссылки в ucrtd.lib(ucrtbased.dll)
          Имеются ссылки в ucrtd.lib(ucrtbased.dll)
          Имеются ссылки в ucrtd.lib(ucrtbased.dll)
          Имеются ссылки в ucrtd.lib(ucrtbased.dll)
          Имеются ссылки в ucrtd.lib(ucrtbased.dll)
          Имеются ссылки в ucrtd.lib(ucrtbased.dll)
          Имеются ссылки в ucrtd.lib(ucrtbased.dll)
          Имеются ссылки в ucrtd.lib(ucrtbased.dll)
          Имеются ссылки в ucrtd.lib(ucrtbased.dll)
          Имеются ссылки в ucrtd.lib(ucrtbased.dll)
          Имеются ссылки в ucrtd.lib(ucrtbased.dll)
          Имеются ссылки в ucrtd.lib(ucrtbased.dll)
          Имеются ссылки в ucrtd.lib(ucrtbased.dll)
          Имеются ссылки в ucrtd.lib(ucrtbased.dll)
          Имеются ссылки в ucrtd.lib(ucrtbased.dll)
          Имеются ссылки в ucrtd.lib(ucrtbased.dll)
          Имеются ссылки в ucrtd.lib(ucrtbased.dll)
          Имеются ссылки в ucrtd.lib(ucrtbased.dll)
          Имеются ссылки в ucrtd.lib(ucrtbased.dll)
          Имеются ссылки в ucrtd.lib(ucrtbased.dll)
          Имеются ссылки в ucrtd.lib(ucrtbased.dll)
          Имеются ссылки в ucrtd.lib(ucrtbased.dll)
          Имеются ссылки в ucrtd.lib(ucrtbased.dll)
          Имеются ссылки в ucrtd.lib(ucrtbased.dll)
          Имеются ссылки в ucrtd.lib(ucrtbased.dll)
          Имеются ссылки в ucrtd.lib(ucrtbased.dll)
          Имеются ссылки в ucrtd.lib(ucrtbased.dll)
          Имеются ссылки в ucrtd.lib(ucrtbased.dll)
          Имеются ссылки в ucrtd.lib(ucrtbased.dll)
          Имеются ссылки в ucrtd.lib(ucrtbased.dll)
          Загружен ucrtd.lib(ucrtbased.dll)
        Найден ucrtbased_NULL_THUNK_DATA
          Имеются ссылки в ucrtd.lib(ucrtbased.dll)
          Загружен ucrtd.lib(ucrtbased.dll)
      Поиск C:\Users\sasay\Downloads\SFML-2.5.1-windows-vc15-64-bit\SFML-2.5.1\lib\sfml-graphics-d.lib:
      Поиск C:\Users\sasay\Downloads\SFML-2.5.1-windows-vc15-64-bit\SFML-2.5.1\lib\sfml-window-d.lib:
      Поиск C:\Users\sasay\Downloads\SFML-2.5.1-windows-vc15-64-bit\SFML-2.5.1\lib\sfml-system-d.lib:
      Поиск C:\Users\sasay\Downloads\SFML-2.5.1-windows-vc15-64-bit\SFML-2.5.1\lib\sfml-audio-d.lib:
      Поиск C:\Program Files\Microsoft Visual Studio\2022\Professional\VC\Tools\MSVC\14.31.31103\lib\x64\msvcprtd.lib:
      Поиск C:\Program Files\Microsoft Visual Studio\2022\Professional\VC\Tools\MSVC\14.31.31103\lib\x64\MSVCRTD.lib:
      Поиск C:\Program Files\Microsoft Visual Studio\2022\Professional\VC\Tools\MSVC\14.31.31103\lib\x64\OLDNAMES.lib:
      Поиск C:\Program Files (x86)\Windows Kits\10\lib\10.0.19041.0\um\x64\kernel32.lib:
      Поиск C:\Program Files\Microsoft Visual Studio\2022\Professional\VC\Tools\MSVC\14.31.31103\lib\x64\vcruntimed.lib:
  Поиск библиотек завершен
  Поиск библиотек
      Поиск C:\Users\sasay\Downloads\SFML-2.5.1-windows-vc15-64-bit\SFML-2.5.1\lib\sfml-graphics-d.lib:
      Поиск C:\Users\sasay\Downloads\SFML-2.5.1-windows-vc15-64-bit\SFML-2.5.1\lib\sfml-window-d.lib:
      Поиск C:\Users\sasay\Downloads\SFML-2.5.1-windows-vc15-64-bit\SFML-2.5.1\lib\sfml-system-d.lib:
      Поиск C:\Users\sasay\Downloads\SFML-2.5.1-windows-vc15-64-bit\SFML-2.5.1\lib\sfml-audio-d.lib:
      Поиск C:\Program Files\Microsoft Visual Studio\2022\Professional\VC\Tools\MSVC\14.31.31103\lib\x64\msvcprtd.lib:
      Поиск C:\Program Files\Microsoft Visual Studio\2022\Professional\VC\Tools\MSVC\14.31.31103\lib\x64\MSVCRTD.lib:
        Найден __scrt_stub_for_acrt_initialize
          Загружен MSVCRTD.lib(ucrt_stubs.obj)
      Поиск C:\Program Files\Microsoft Visual Studio\2022\Professional\VC\Tools\MSVC\14.31.31103\lib\x64\OLDNAMES.lib:
      Поиск C:\Program Files (x86)\Windows Kits\10\lib\10.0.19041.0\um\x64\kernel32.lib:
      Поиск C:\Program Files\Microsoft Visual Studio\2022\Professional\VC\Tools\MSVC\14.31.31103\lib\x64\vcruntimed.lib:
      Поиск C:\Program Files (x86)\Windows Kits\10\lib\10.0.19041.0\ucrt\x64\ucrtd.lib:
  Поиск библиотек завершен
  Поиск библиотек
      Поиск C:\Users\sasay\Downloads\SFML-2.5.1-windows-vc15-64-bit\SFML-2.5.1\lib\sfml-graphics-d.lib:
      Поиск C:\Users\sasay\Downloads\SFML-2.5.1-windows-vc15-64-bit\SFML-2.5.1\lib\sfml-window-d.lib:
      Поиск C:\Users\sasay\Downloads\SFML-2.5.1-windows-vc15-64-bit\SFML-2.5.1\lib\sfml-system-d.lib:
      Поиск C:\Users\sasay\Downloads\SFML-2.5.1-windows-vc15-64-bit\SFML-2.5.1\lib\sfml-audio-d.lib:
      Поиск C:\Program Files\Microsoft Visual Studio\2022\Professional\VC\Tools\MSVC\14.31.31103\lib\x64\msvcprtd.lib:
      Поиск C:\Program Files\Microsoft Visual Studio\2022\Professional\VC\Tools\MSVC\14.31.31103\lib\x64\MSVCRTD.lib:
      Поиск C:\Program Files\Microsoft Visual Studio\2022\Professional\VC\Tools\MSVC\14.31.31103\lib\x64\OLDNAMES.lib:
      Поиск C:\Program Files (x86)\Windows Kits\10\lib\10.0.19041.0\um\x64\kernel32.lib:
      Поиск C:\Program Files\Microsoft Visual Studio\2022\Professional\VC\Tools\MSVC\14.31.31103\lib\x64\vcruntimed.lib:
      Поиск C:\Program Files (x86)\Windows Kits\10\lib\10.0.19041.0\ucrt\x64\ucrtd.lib:
  Поиск библиотек завершен
  Поиск библиотек
      Поиск C:\Users\sasay\Downloads\SFML-2.5.1-windows-vc15-64-bit\SFML-2.5.1\lib\sfml-graphics-d.lib:
      Поиск C:\Users\sasay\Downloads\SFML-2.5.1-windows-vc15-64-bit\SFML-2.5.1\lib\sfml-window-d.lib:
      Поиск C:\Users\sasay\Downloads\SFML-2.5.1-windows-vc15-64-bit\SFML-2.5.1\lib\sfml-system-d.lib:
      Поиск C:\Users\sasay\Downloads\SFML-2.5.1-windows-vc15-64-bit\SFML-2.5.1\lib\sfml-audio-d.lib:
      Поиск C:\Program Files\Microsoft Visual Studio\2022\Professional\VC\Tools\MSVC\14.31.31103\lib\x64\msvcprtd.lib:
      Поиск C:\Program Files\Microsoft Visual Studio\2022\Professional\VC\Tools\MSVC\14.31.31103\lib\x64\MSVCRTD.lib:
      Поиск C:\Program Files\Microsoft Visual Studio\2022\Professional\VC\Tools\MSVC\14.31.31103\lib\x64\OLDNAMES.lib:
      Поиск C:\Program Files (x86)\Windows Kits\10\lib\10.0.19041.0\um\x64\kernel32.lib:
      Поиск C:\Program Files\Microsoft Visual Studio\2022\Professional\VC\Tools\MSVC\14.31.31103\lib\x64\vcruntimed.lib:
      Поиск C:\Program Files (x86)\Windows Kits\10\lib\10.0.19041.0\ucrt\x64\ucrtd.lib:
  Поиск библиотек завершен
  1-ый проход завершен
  Поиск библиотек
      Поиск C:\Users\sasay\Downloads\SFML-2.5.1-windows-vc15-64-bit\SFML-2.5.1\lib\sfml-graphics-d.lib:
      Поиск C:\Users\sasay\Downloads\SFML-2.5.1-windows-vc15-64-bit\SFML-2.5.1\lib\sfml-window-d.lib:
      Поиск C:\Users\sasay\Downloads\SFML-2.5.1-windows-vc15-64-bit\SFML-2.5.1\lib\sfml-system-d.lib:
      Поиск C:\Users\sasay\Downloads\SFML-2.5.1-windows-vc15-64-bit\SFML-2.5.1\lib\sfml-audio-d.lib:
      Поиск C:\Program Files\Microsoft Visual Studio\2022\Professional\VC\Tools\MSVC\14.31.31103\lib\x64\msvcprtd.lib:
      Поиск C:\Program Files\Microsoft Visual Studio\2022\Professional\VC\Tools\MSVC\14.31.31103\lib\x64\MSVCRTD.lib:
        Найден _load_config_used
          Загружен MSVCRTD.lib(loadcfg.obj)
      Поиск C:\Program Files\Microsoft Visual Studio\2022\Professional\VC\Tools\MSVC\14.31.31103\lib\x64\OLDNAMES.lib:
      Поиск C:\Program Files (x86)\Windows Kits\10\lib\10.0.19041.0\um\x64\kernel32.lib:
      Поиск C:\Program Files\Microsoft Visual Studio\2022\Professional\VC\Tools\MSVC\14.31.31103\lib\x64\vcruntimed.lib:
        Найден __guard_memcpy_fptr
          Имеются ссылки в MSVCRTD.lib(loadcfg.obj)
          Загружен vcruntimed.lib(softmemtag.obj)
  Поиск библиотек завершен
  Вызов rc.exe:
   /v
   /x
   /fo
   "C:\Users\sasay\AppData\Local\Temp\lnk{B8720071-ACF5-4AD9-B86D-685CB2E0DF2C}.tmp"
   "C:\Users\sasay\AppData\Local\Temp\lnk{6A96F8C0-65EB-44CC-8CEF-8AC957A79E8D}.tmp"
  Microsoft (R) Windows (R) Resource Compiler Version 10.0.10011.16384
  
  Copyright (C) Microsoft Corporation.  All rights reserved.
  
  
  Creating C:\Users\sasay\AppData\Local\Temp\lnk{B8720071-ACF5-4AD9-B86D-685CB2E0DF2C}.tmp
  
  Using codepage 1251 as default
  
  C:\Users\sasay\AppData\Local\Temp\lnk{6A96F8C0-65EB-44CC-8CEF-8AC957A79E8D}.tmp.
  Writing 24:1,	lang:0x409,	size 381
  Вызов cvtres.exe:
   /machine:amd64
   /verbose
   /out:"C:\Users\sasay\AppData\Local\Temp\lnk{7317EF64-82DC-40BB-983B-9DB5CCBCF09B}.tmp"
   /readonly
   "C:\Users\sasay\AppData\Local\Temp\lnk{B8720071-ACF5-4AD9-B86D-685CB2E0DF2C}.tmp"
  ╩юэтхЁЄхЁ ЁхёєЁёют Windows т юс·хъЄ√ (Microsoft (R)), тхЁёш  14.31.31104.0
  (C) ╩юЁяюЁрЎш  ╠рщъЁюёюЇЄ (Microsoft Corp.). ┬ёх яЁртр чр∙ш∙хэ√.
  
  фюсртыхэшх ЁхёєЁёр. Єшя: MANIFEST, шь : 1,  ч√ъ: 0x0409, Їыруш: 0x30, ЁрчьхЁ: 381
  Неиспользуемые библиотеки:
    C:\Users\sasay\Downloads\SFML-2.5.1-windows-vc15-64-bit\SFML-2.5.1\lib\sfml-audio-d.lib
    C:\Program Files\Microsoft Visual Studio\2022\Professional\VC\Tools\MSVC\14.31.31103\lib\x64\OLDNAMES.lib
  Запуск 2-го прохода
       * linker generated manifest res *
       main.obj
       sfml-graphics-d.lib(sfml-graphics-d-2.dll)
       sfml-graphics-d.lib(sfml-graphics-d-2.dll)
       sfml-graphics-d.lib(sfml-graphics-d-2.dll)
       sfml-graphics-d.lib(sfml-graphics-d-2.dll)
       sfml-graphics-d.lib(sfml-graphics-d-2.dll)
       sfml-graphics-d.lib(sfml-graphics-d-2.dll)
       sfml-graphics-d.lib(sfml-graphics-d-2.dll)
       sfml-graphics-d.lib(sfml-graphics-d-2.dll)
       sfml-graphics-d.lib(sfml-graphics-d-2.dll)
       sfml-graphics-d.lib(sfml-graphics-d-2.dll)
       sfml-graphics-d.lib(sfml-graphics-d-2.dll)
       sfml-graphics-d.lib(sfml-graphics-d-2.dll)
       sfml-graphics-d.lib(sfml-graphics-d-2.dll)
       sfml-graphics-d.lib(sfml-graphics-d-2.dll)
       sfml-graphics-d.lib(sfml-graphics-d-2.dll)
       sfml-graphics-d.lib(sfml-graphics-d-2.dll)
       sfml-graphics-d.lib(sfml-graphics-d-2.dll)
       sfml-graphics-d.lib(sfml-graphics-d-2.dll)
       sfml-window-d.lib(sfml-window-d-2.dll)
       sfml-window-d.lib(sfml-window-d-2.dll)
       sfml-window-d.lib(sfml-window-d-2.dll)
       sfml-window-d.lib(sfml-window-d-2.dll)
       sfml-window-d.lib(sfml-window-d-2.dll)
       sfml-window-d.lib(sfml-window-d-2.dll)
       sfml-window-d.lib(sfml-window-d-2.dll)
       sfml-window-d.lib(sfml-window-d-2.dll)
       sfml-window-d.lib(sfml-window-d-2.dll)
       sfml-system-d.lib(sfml-system-d-2.dll)
       sfml-system-d.lib(sfml-system-d-2.dll)
       sfml-system-d.lib(sfml-system-d-2.dll)
       sfml-system-d.lib(sfml-system-d-2.dll)
       msvcprtd.lib(MSVCP140D.dll)
       msvcprtd.lib(MSVCP140D.dll)
       msvcprtd.lib(MSVCP140D.dll)
       msvcprtd.lib(MSVCP140D.dll)
       msvcprtd.lib(MSVCP140D.dll)
       msvcprtd.lib(MSVCP140D.dll)
       msvcprtd.lib(MSVCP140D.dll)
       msvcprtd.lib(MSVCP140D.dll)
       msvcprtd.lib(MSVCP140D.dll)
       msvcprtd.lib(MSVCP140D.dll)
       msvcprtd.lib(MSVCP140D.dll)
       msvcprtd.lib(MSVCP140D.dll)
       msvcprtd.lib(MSVCP140D.dll)
       MSVCRTD.lib(amdsecgs.obj)
       MSVCRTD.lib(chkstk.obj)
       MSVCRTD.lib(guard_dispatch.obj)
       MSVCRTD.lib(guard_xfg_dispatch.obj)
       MSVCRTD.lib(gs_cookie.obj)
       MSVCRTD.lib(gs_report.obj)
       MSVCRTD.lib(gs_support.obj)
       MSVCRTD.lib(debugger_jmc.obj)
       MSVCRTD.lib(guard_support.obj)
       MSVCRTD.lib(loadcfg.obj)
       MSVCRTD.lib(dyn_tls_dtor.obj)
       MSVCRTD.lib(dyn_tls_init.obj)
       MSVCRTD.lib(matherr_detection.obj)
       MSVCRTD.lib(ucrt_detection.obj)
       MSVCRTD.lib(cpu_disp.obj)
       MSVCRTD.lib(argv_mode.obj)
       MSVCRTD.lib(commit_mode.obj)
       MSVCRTD.lib(default_local_stdio_options.obj)
       MSVCRTD.lib(denormal_control.obj)
       MSVCRTD.lib(env_mode.obj)
       MSVCRTD.lib(file_mode.obj)
       MSVCRTD.lib(fltused.obj)
       MSVCRTD.lib(invalid_parameter_handler.obj)
       MSVCRTD.lib(matherr.obj)
       MSVCRTD.lib(new_mode.obj)
       MSVCRTD.lib(thread_locale.obj)
       MSVCRTD.lib(ehvecctr.obj)
       MSVCRTD.lib(ehvecdtr.obj)
       MSVCRTD.lib(std_type_info_static.obj)
       MSVCRTD.lib(tncleanup.obj)
       MSVCRTD.lib(delete_scalar.obj)
       MSVCRTD.lib(delete_scalar_size.obj)
       MSVCRTD.lib(new_scalar.obj)
       MSVCRTD.lib(throw_bad_alloc.obj)
       MSVCRTD.lib(exe_main.obj)
       MSVCRTD.lib(initializers.obj)
       MSVCRTD.lib(utility.obj)
       MSVCRTD.lib(ucrt_stubs.obj)
       MSVCRTD.lib(utility_desktop.obj)
       MSVCRTD.lib(error.obj)
       MSVCRTD.lib(init.obj)
       MSVCRTD.lib(initsect.obj)
       MSVCRTD.lib(pdblkup.obj)
       MSVCRTD.lib(stack.obj)
       MSVCRTD.lib(userapi.obj)
       MSVCRTD.lib(gshandler.obj)
       MSVCRTD.lib(gshandlereh4.obj)
       kernel32.lib(KERNEL32.dll)
       kernel32.lib(KERNEL32.dll)
       kernel32.lib(KERNEL32.dll)
       kernel32.lib(KERNEL32.dll)
       kernel32.lib(KERNEL32.dll)
       kernel32.lib(KERNEL32.dll)
       kernel32.lib(KERNEL32.dll)
       kernel32.lib(KERNEL32.dll)
       kernel32.lib(KERNEL32.dll)
       kernel32.lib(KERNEL32.dll)
       kernel32.lib(KERNEL32.dll)
       kernel32.lib(KERNEL32.dll)
       kernel32.lib(KERNEL32.dll)
       kernel32.lib(KERNEL32.dll)
       kernel32.lib(KERNEL32.dll)
       kernel32.lib(KERNEL32.dll)
       kernel32.lib(KERNEL32.dll)
       kernel32.lib(KERNEL32.dll)
       kernel32.lib(KERNEL32.dll)
       kernel32.lib(KERNEL32.dll)
       kernel32.lib(KERNEL32.dll)
       kernel32.lib(KERNEL32.dll)
       kernel32.lib(KERNEL32.dll)
       kernel32.lib(KERNEL32.dll)
       kernel32.lib(KERNEL32.dll)
       kernel32.lib(KERNEL32.dll)
       kernel32.lib(KERNEL32.dll)
       kernel32.lib(KERNEL32.dll)
       vcruntimed.lib(VCRUNTIME140_1D.dll)
       vcruntimed.lib(VCRUNTIME140_1D.dll)
       vcruntimed.lib(VCRUNTIME140_1D.dll)
       vcruntimed.lib(VCRUNTIME140D.dll)
       vcruntimed.lib(VCRUNTIME140D.dll)
       vcruntimed.lib(VCRUNTIME140D.dll)
       vcruntimed.lib(VCRUNTIME140D.dll)
       vcruntimed.lib(VCRUNTIME140D.dll)
       vcruntimed.lib(VCRUNTIME140D.dll)
       vcruntimed.lib(VCRUNTIME140D.dll)
       vcruntimed.lib(VCRUNTIME140D.dll)
       vcruntimed.lib(VCRUNTIME140D.dll)
       vcruntimed.lib(VCRUNTIME140D.dll)
       vcruntimed.lib(VCRUNTIME140D.dll)
       vcruntimed.lib(VCRUNTIME140D.dll)
       vcruntimed.lib(VCRUNTIME140D.dll)
       vcruntimed.lib(VCRUNTIME140D.dll)
       vcruntimed.lib(VCRUNTIME140D.dll)
       vcruntimed.lib(softmemtag.obj)
       ucrtd.lib(ucrtbased.dll)
       ucrtd.lib(ucrtbased.dll)
       ucrtd.lib(ucrtbased.dll)
       ucrtd.lib(ucrtbased.dll)
       ucrtd.lib(ucrtbased.dll)
       ucrtd.lib(ucrtbased.dll)
       ucrtd.lib(ucrtbased.dll)
       ucrtd.lib(ucrtbased.dll)
       ucrtd.lib(ucrtbased.dll)
       ucrtd.lib(ucrtbased.dll)
       ucrtd.lib(ucrtbased.dll)
       ucrtd.lib(ucrtbased.dll)
       ucrtd.lib(ucrtbased.dll)
       ucrtd.lib(ucrtbased.dll)
       ucrtd.lib(ucrtbased.dll)
       ucrtd.lib(ucrtbased.dll)
       ucrtd.lib(ucrtbased.dll)
       ucrtd.lib(ucrtbased.dll)
       ucrtd.lib(ucrtbased.dll)
       ucrtd.lib(ucrtbased.dll)
       ucrtd.lib(ucrtbased.dll)
       ucrtd.lib(ucrtbased.dll)
       ucrtd.lib(ucrtbased.dll)
       ucrtd.lib(ucrtbased.dll)
       ucrtd.lib(ucrtbased.dll)
       ucrtd.lib(ucrtbased.dll)
       ucrtd.lib(ucrtbased.dll)
       ucrtd.lib(ucrtbased.dll)
       ucrtd.lib(ucrtbased.dll)
       ucrtd.lib(ucrtbased.dll)
       ucrtd.lib(ucrtbased.dll)
       ucrtd.lib(ucrtbased.dll)
       ucrtd.lib(ucrtbased.dll)
       ucrtd.lib(ucrtbased.dll)
       ucrtd.lib(ucrtbased.dll)
       ucrtd.lib(ucrtbased.dll)
       ucrtd.lib(ucrtbased.dll)
       ucrtd.lib(ucrtbased.dll)
       ucrtd.lib(ucrtbased.dll)
       ucrtd.lib(ucrtbased.dll)
       ucrtd.lib(ucrtbased.dll)
       ucrtd.lib(ucrtbased.dll)
       ucrtd.lib(ucrtbased.dll)
  2-ой проход завершен
  SFML_Tutorial.vcxproj -> C:\Users\sasay\Downloads\SFML-2.5.1-windows-vc15-64-bit\SFML-2.5.1\include\SFML_Tutorial.exe
